make[1]: Entering directory `/home/S18/4L/s18-4l-g1/cse150'
Picked up _JAVA_OPTIONS: -Xms128m -Xmx512m
Note: ./nachos/machine/Lib.java uses unchecked or unsafe operations.
Note: Recompile with -Xlint:unchecked for details.
make[1]: Leaving directory `/home/S18/4L/s18-4l-g1/cse150'

Running test ThreadGrader1.a...
Test ThreadGrader1.a succeeds.

----------------------------------------


Running test ThreadGrader1.b...
Test ThreadGrader1.b succeeds.

----------------------------------------


Running test BoatGrader2.a...
Failure while running test BoatGrader2.a, exit code (0)
Output (up to 5000 lines):
Picked up _JAVA_OPTIONS: -Xms128m -Xmx512m
nachos 5.0j initializing... config interrupt timer elevators user-check grader

nachos.machine.AssertionFailureError: Left 2 children on oahu
	at nachos.machine.Lib.assertTrue(Lib.java:89)
	at nachos.ag.BoatGrader2.grade(BoatGrader2.java:48)
	at nachos.ag.BoatGrader2.run(BoatGrader2.java:29)
	at nachos.ag.AutoGrader.start(AutoGrader.java:50)
	at nachos.machine.Machine$1.run(Machine.java:62)
	at nachos.machine.TCB.threadroot(TCB.java:235)
	at nachos.machine.TCB.start(TCB.java:118)
	at nachos.machine.Machine.main(Machine.java:61)


----------------------------------------

make: *** [BoatGrader2.a.test] Error 1

Running test BoatGrader2.b...
Failure while running test BoatGrader2.b, exit code (0)
Output (up to 5000 lines):
Picked up _JAVA_OPTIONS: -Xms128m -Xmx512m
nachos 5.0j initializing... config interrupt timer elevators user-check grader

nachos.machine.AssertionFailureError: Left 2 children on oahu
	at nachos.machine.Lib.assertTrue(Lib.java:89)
	at nachos.ag.BoatGrader2.grade(BoatGrader2.java:48)
	at nachos.ag.BoatGrader2.run(BoatGrader2.java:29)
	at nachos.ag.AutoGrader.start(AutoGrader.java:50)
	at nachos.machine.Machine$1.run(Machine.java:62)
	at nachos.machine.TCB.threadroot(TCB.java:235)
	at nachos.machine.TCB.start(TCB.java:118)
	at nachos.machine.Machine.main(Machine.java:61)


----------------------------------------

make: *** [BoatGrader2.b.test] Error 1

Running test ThreadGrader2.a...
Test ThreadGrader2.a succeeds.

----------------------------------------


Running test ThreadGrader2.b...
Test ThreadGrader2.b succeeds.

----------------------------------------


Running test ThreadGrader2.c...
Failure while running test ThreadGrader2.c, exit code (0)
Output (up to 5000 lines):
Picked up _JAVA_OPTIONS: -Xms128m -Xmx512m
nachos 5.0j initializing... config interrupt timer elevators user-check grader
jfork (#2) Found not null
jfork (#2) Sleep
Waking speakers
jfork (#3)Yielding
jfork (#4)Its null still, going to sleep
Waking speakers
jfork (#5)Yielding
jfork (#6)Its null still, going to sleep
Waking speakers
jfork (#7)Yielding
jfork (#10)Its null still, going to sleep
Waking speakers
jfork (#11)Yielding
Waking speakers
jfork (#13)Yielding
jfork (#14)Its null still, going to sleep
Waking speakers
jfork (#15)Yielding
jfork (#16)Its null still, going to sleep
Waking speakers
jfork (#17)Yielding
Waking speakers
jfork (#19)Yielding
jfork (#20)Its null still, going to sleep
Waking speakers
jfork (#21)Yielding
jfork (#2) Awoke
jfork (#4) Found not null
jfork (#4) Sleep

nachos.machine.AssertionFailureError: communicator returned a word twice when it was only spoken once
	at nachos.machine.Lib.assertTrue(Lib.java:89)
	at nachos.ag.ThreadGrader2.consume(ThreadGrader2.java:84)
	at nachos.ag.ThreadGrader2.consumer(ThreadGrader2.java:106)
	at nachos.ag.ThreadGrader2$2.run(ThreadGrader2.java:50)
	at nachos.threads.KThread.runThread(KThread.java:159)
	at nachos.threads.KThread.access$000(KThread.java:30)
	at nachos.threads.KThread$1.run(KThread.java:148)
	at nachos.machine.TCB.threadroot(TCB.java:235)
	at nachos.machine.TCB.access$100(TCB.java:25)
	at nachos.machine.TCB$1.run(TCB.java:93)
	at java.lang.Thread.run(Thread.java:619)


----------------------------------------

make: *** [ThreadGrader2.c.test] Error 1

Running test ThreadGrader3.a...
Test ThreadGrader3.a succeeds.

----------------------------------------


Running test ThreadGrader3.b...
Test ThreadGrader3.b succeeds.

----------------------------------------


Running test ThreadGrader4.a...
Test ThreadGrader4.a succeeds.

----------------------------------------


Running test ThreadGrader4.b...
Test ThreadGrader4.b succeeds.

----------------------------------------


Running test ThreadGrader5.a...
Failure while running test ThreadGrader5.a, exit code (137)
Output (up to 5000 lines):
Picked up _JAVA_OPTIONS: -Xms128m -Xmx512m
nachos 5.0j initializing... config interrupt timer elevators user-check grader
Killed


----------------------------------------

make: *** [ThreadGrader5.a.test] Error 1

Running test ThreadGrader5.c...
Failure while running test ThreadGrader5.c, exit code (137)
Output (up to 5000 lines):
Picked up _JAVA_OPTIONS: -Xms128m -Xmx512m
nachos 5.0j initializing... config interrupt timer elevators user-check grader
Killed


----------------------------------------

make: *** [ThreadGrader5.c.test] Error 1

Running test ThreadGrader6a.a...
Failure while running test ThreadGrader6a.a, exit code (137)
Output (up to 5000 lines):
Picked up _JAVA_OPTIONS: -Xms128m -Xmx512m
nachos 5.0j initializing... config interrupt timer elevators user-check grader
Killed


----------------------------------------

make: *** [ThreadGrader6a.a.test] Error 1

Running test ThreadGrader6a.b...
Failure while running test ThreadGrader6a.b, exit code (137)
Output (up to 5000 lines):
Picked up _JAVA_OPTIONS: -Xms128m -Xmx512m
nachos 5.0j initializing... config interrupt timer elevators user-check grader
Killed


----------------------------------------

make: *** [ThreadGrader6a.b.test] Error 1
make: Target `all' not remade because of errors.

<<PROBLEM: One or more tests failed (terminated with non-zero exit code 512).

